<?xml version="1.0" encoding="UTF-8"?>
<!-- Generated by org.testng.reporters.JUnitXMLReporter -->
<testsuite ignored="0" hostname="Sharlyn" failures="0" tests="2" name="Error Validations Test" time="49.336" errors="0" timestamp="2023-11-07T10:27:35 PST">
  <testcase classname="sharlynzarate.tests.ErrorValidationsTest" name="loginErrorValidation" time="0.42"/>
  <testcase classname="sharlynzarate.tests.ErrorValidationsTest" name="productErrorValidation" time="33.576"/>
</testsuite> <!-- Error Validations Test -->
