<?xml version="1.0" encoding="UTF-8"?>
<!-- Generated by org.testng.reporters.JUnitXMLReporter -->
<testsuite ignored="0" hostname="Sharlyn" failures="0" tests="4" name="Submit Order Test" time="90.707" errors="0" timestamp="2023-11-07T10:28:16 PST">
  <testcase classname="sharlynzarate.tests.SubmitOrderTest" name="submitOrder" time="20.218"/>
  <testcase classname="sharlynzarate.tests.SubmitOrderTest" name="submitOrder" time="20.14"/>
  <testcase classname="sharlynzarate.tests.SubmitOrderTest" name="submitOrder" time="19.847"/>
  <testcase classname="sharlynzarate.tests.SubmitOrderTest" name="orderHistoryTest" time="0.611"/>
</testsuite> <!-- Submit Order Test -->
