<?xml version="1.0" encoding="UTF-8"?>
<!-- Generated by org.testng.reporters.JUnitXMLReporter -->
<testsuite ignored="0" hostname="Sharlyn" failures="0" tests="4" name="Submit Order Test" time="84.044" errors="0" timestamp="2023-11-07T13:25:29 PST">
  <testcase classname="sharlynzarate.tests.SubmitOrderTest" name="submitOrder" time="19.96"/>
  <testcase classname="sharlynzarate.tests.SubmitOrderTest" name="submitOrder" time="19.965"/>
  <testcase classname="sharlynzarate.tests.SubmitOrderTest" name="submitOrder" time="19.917"/>
  <testcase classname="sharlynzarate.tests.SubmitOrderTest" name="orderHistoryTest" time="0.683"/>
</testsuite> <!-- Submit Order Test -->
